<?xml version="1.0" encoding="UTF-8"?>
<!-- Generated by org.testng.reporters.JUnitReportReporter -->
<testsuite hostname="gnikolic" failures="0" tests="3" name="mercuryTravel.tests.MercuryTravelTestCases" time="32.849" errors="0" timestamp="2024-10-24T10:48:00 CEST" skipped="0">
  <testcase classname="mercuryTravel.tests.MercuryTravelTestCases" name="verifyLoginWithCorrectCredentials" time="12.062"/>
  <testcase classname="mercuryTravel.tests.MercuryTravelTestCases" name="verifyLoginWithCorrectCredentials" time="11.705"/>
  <testcase classname="mercuryTravel.tests.MercuryTravelTestCases" name="verifyLoginWithCorrectCredentials" time="9.082"/>
</testsuite> <!-- mercuryTravel.tests.MercuryTravelTestCases -->
